[04.05.2025, 21:06:49] ::1 GET /
[04.05.2025, 21:06:49] ::1 GET /resurse/stiluri/general.css
[04.05.2025, 21:06:49] ::1 GET /resurse/stiluri/nav.css
[04.05.2025, 21:06:49] ::1 GET /resurse/poze/d5c727770710fa40938154fa9fedfdc6.jpg
[04.05.2025, 21:06:49] ::1 GET /resurse/poze/harta_imagini_2.png
[04.05.2025, 21:06:49] ::1 GET /resurse/stiluri/general1000.css
[04.05.2025, 21:06:49] ::1 GET /resurse/stiluri/general700.css
[04.05.2025, 21:06:49] ::1 GET /print.css
[04.05.2025, 21:06:49] ::1 GET /resurse/stiluri/nav1000.css
[04.05.2025, 21:06:49] ::1 GET /resurse/stiluri/nav700.css
[04.05.2025, 21:06:50] ::1 GET /
[04.05.2025, 21:06:50] ::1 GET /resurse/stiluri/general.css
[04.05.2025, 21:06:50] ::1 GET /resurse/stiluri/nav.css
[04.05.2025, 21:06:50] ::1 GET /resurse/poze/d5c727770710fa40938154fa9fedfdc6.jpg
[04.05.2025, 21:06:50] ::1 GET /resurse/poze/harta_imagini_2.png
[04.05.2025, 21:06:50] ::1 GET /resurse/stiluri/general1000.css
[04.05.2025, 21:06:50] ::1 GET /resurse/stiluri/nav1000.css
[04.05.2025, 21:06:50] ::1 GET /print.css
[04.05.2025, 21:06:50] ::1 GET /resurse/stiluri/general700.css
[04.05.2025, 21:06:50] ::1 GET /resurse/stiluri/nav700.css
[04.05.2025, 21:06:51] ::1 GET /resurse/36_lectie_demo_flori_si_aranjamente_florale.pdf
[04.05.2025, 21:06:51] ::1 GET /resurse/imagini/site.webmanifest
[04.05.2025, 21:06:53] ::1 GET /resurse/imagini/web-app-manifest-512x512.png
[04.05.2025, 21:06:53] ::1 GET /resurse/imacini/web-app-manifest-192x192.png
[04.05.2025, 21:06:54] ::1 GET /despre
[04.05.2025, 21:06:54] ::1 GET /resurse/stiluri/general.css
[04.05.2025, 21:06:54] ::1 GET /print.css
[04.05.2025, 21:06:54] ::1 GET /resurse/stiluri/nav.css
[04.05.2025, 21:06:54] ::1 GET /resurse/stiluri/general1000.css
[04.05.2025, 21:06:54] ::1 GET /resurse/stiluri/general700.css
[04.05.2025, 21:06:54] ::1 GET /resurse/stiluri/nav1000.css
[04.05.2025, 21:06:54] ::1 GET /resurse/stiluri/nav700.css
[04.05.2025, 21:06:54] ::1 GET /resurse/36_lectie_demo_flori_si_aranjamente_florale.pdf
[04.05.2025, 21:06:54] ::1 GET /resurse/imagini/site.webmanifest
[04.05.2025, 21:07:01] ::1 GET /
[04.05.2025, 21:07:01] ::1 GET /resurse/stiluri/general.css
[04.05.2025, 21:07:01] ::1 GET /resurse/stiluri/nav.css
[04.05.2025, 21:07:01] ::1 GET /resurse/poze/d5c727770710fa40938154fa9fedfdc6.jpg
[04.05.2025, 21:07:01] ::1 GET /resurse/poze/harta_imagini_2.png
[04.05.2025, 21:07:01] ::1 GET /resurse/stiluri/general1000.css
[04.05.2025, 21:07:01] ::1 GET /resurse/stiluri/general700.css
[04.05.2025, 21:07:01] ::1 GET /print.css
[04.05.2025, 21:07:01] ::1 GET /resurse/36_lectie_demo_flori_si_aranjamente_florale.pdf
[04.05.2025, 21:07:01] ::1 GET /resurse/stiluri/nav1000.css
[04.05.2025, 21:07:01] ::1 GET /resurse/stiluri/nav700.css
[04.05.2025, 21:07:01] ::1 GET /resurse/imagini/site.webmanifest
[04.05.2025, 21:18:04] ::1 GET /
[04.05.2025, 21:18:04] ::1 GET /resurse/stiluri/general.css
[04.05.2025, 21:18:04] ::1 GET /resurse/stiluri/nav.css
[04.05.2025, 21:18:04] ::1 GET /resurse/poze/d5c727770710fa40938154fa9fedfdc6.jpg
[04.05.2025, 21:18:04] ::1 GET /resurse/poze/harta_imagini_2.png
[04.05.2025, 21:18:04] ::1 GET /resurse/stiluri/general1000.css
[04.05.2025, 21:18:04] ::1 GET /resurse/stiluri/general700.css
[04.05.2025, 21:18:04] ::1 GET /print.css
[04.05.2025, 21:18:04] ::1 GET /resurse/stiluri/nav1000.css
[04.05.2025, 21:18:04] ::1 GET /resurse/stiluri/nav700.css
[04.05.2025, 21:18:04] ::1 GET /resurse/36_lectie_demo_flori_si_aranjamente_florale.pdf
[04.05.2025, 21:18:04] ::1 GET /resurse/imagini/site.webmanifest
[04.05.2025, 21:18:07] ::1 GET /despre
[04.05.2025, 21:18:07] ::1 GET /resurse/stiluri/general.css
[04.05.2025, 21:18:07] ::1 GET /resurse/stiluri/nav.css
[04.05.2025, 21:18:07] ::1 GET /resurse/stiluri/general1000.css
[04.05.2025, 21:18:07] ::1 GET /resurse/stiluri/general700.css
[04.05.2025, 21:18:07] ::1 GET /print.css
[04.05.2025, 21:18:07] ::1 GET /resurse/stiluri/nav1000.css
[04.05.2025, 21:18:07] ::1 GET /resurse/stiluri/nav700.css
[04.05.2025, 21:18:07] ::1 GET /resurse/36_lectie_demo_flori_si_aranjamente_florale.pdf
[04.05.2025, 21:18:07] ::1 GET /resurse/imagini/site.webmanifest
[04.05.2025, 21:18:11] ::1 GET /
[04.05.2025, 21:18:11] ::1 GET /resurse/stiluri/general.css
[04.05.2025, 21:18:11] ::1 GET /resurse/stiluri/nav.css
[04.05.2025, 21:18:11] ::1 GET /resurse/poze/d5c727770710fa40938154fa9fedfdc6.jpg
[04.05.2025, 21:18:11] ::1 GET /resurse/poze/harta_imagini_2.png
[04.05.2025, 21:18:11] ::1 GET /resurse/stiluri/general1000.css
[04.05.2025, 21:18:11] ::1 GET /resurse/stiluri/general700.css
[04.05.2025, 21:18:11] ::1 GET /print.css
[04.05.2025, 21:18:11] ::1 GET /resurse/stiluri/nav1000.css
[04.05.2025, 21:18:11] ::1 GET /resurse/36_lectie_demo_flori_si_aranjamente_florale.pdf
[04.05.2025, 21:18:11] ::1 GET /resurse/stiluri/nav700.css
[04.05.2025, 21:18:11] ::1 GET /resurse/imagini/site.webmanifest
[04.05.2025, 21:22:29] ::1 GET /
[04.05.2025, 21:22:30] ::1 GET /resurse/stiluri/general.css
[04.05.2025, 21:22:30] ::1 GET /resurse/stiluri/nav.css
[04.05.2025, 21:22:30] ::1 GET /resurse/poze/d5c727770710fa40938154fa9fedfdc6.jpg
[04.05.2025, 21:22:30] ::1 GET /resurse/poze/harta_imagini_2.png
[04.05.2025, 21:22:30] ::1 GET /resurse/stiluri/general1000.css
[04.05.2025, 21:22:30] ::1 GET /resurse/stiluri/general700.css
[04.05.2025, 21:22:30] ::1 GET /print.css
[04.05.2025, 21:22:30] ::1 GET /resurse/stiluri/nav1000.css
[04.05.2025, 21:22:30] ::1 GET /resurse/stiluri/nav700.css
[04.05.2025, 21:22:30] ::1 GET /resurse/36_lectie_demo_flori_si_aranjamente_florale.pdf
[04.05.2025, 21:22:30] ::1 GET /resurse/imagini/site.webmanifest
[04.05.2025, 21:22:35] ::1 GET /despre
[04.05.2025, 21:22:35] ::1 GET /resurse/stiluri/general.css
[04.05.2025, 21:22:35] ::1 GET /resurse/stiluri/nav.css
[04.05.2025, 21:22:35] ::1 GET /resurse/stiluri/general1000.css
[04.05.2025, 21:22:35] ::1 GET /resurse/stiluri/general700.css
[04.05.2025, 21:22:35] ::1 GET /print.css
[04.05.2025, 21:22:35] ::1 GET /resurse/stiluri/nav1000.css
[04.05.2025, 21:22:35] ::1 GET /resurse/36_lectie_demo_flori_si_aranjamente_florale.pdf
[04.05.2025, 21:22:35] ::1 GET /resurse/stiluri/nav700.css
[04.05.2025, 21:22:35] ::1 GET /resurse/imagini/site.webmanifest
[04.05.2025, 21:22:37] ::1 GET /
[04.05.2025, 21:22:37] ::1 GET /resurse/stiluri/general.css
[04.05.2025, 21:22:37] ::1 GET /resurse/stiluri/nav.css
[04.05.2025, 21:22:37] ::1 GET /resurse/poze/d5c727770710fa40938154fa9fedfdc6.jpg
[04.05.2025, 21:22:37] ::1 GET /resurse/poze/harta_imagini_2.png
[04.05.2025, 21:22:37] ::1 GET /resurse/stiluri/general1000.css
[04.05.2025, 21:22:37] ::1 GET /resurse/stiluri/general700.css
[04.05.2025, 21:22:37] ::1 GET /print.css
[04.05.2025, 21:22:37] ::1 GET /resurse/stiluri/nav1000.css
[04.05.2025, 21:22:37] ::1 GET /resurse/36_lectie_demo_flori_si_aranjamente_florale.pdf
[04.05.2025, 21:22:37] ::1 GET /resurse/stiluri/nav700.css
[04.05.2025, 21:22:37] ::1 GET /resurse/imagini/site.webmanifest
[04.05.2025, 21:23:35] ::1 GET /
[04.05.2025, 21:23:35] ::1 GET /resurse/stiluri/general.css
[04.05.2025, 21:23:35] ::1 GET /resurse/stiluri/nav.css
[04.05.2025, 21:23:35] ::1 GET /resurse/poze/d5c727770710fa40938154fa9fedfdc6.jpg
[04.05.2025, 21:23:35] ::1 GET /resurse/poze/harta_imagini_2.png
[04.05.2025, 21:23:35] ::1 GET /resurse/stiluri/general1000.css
[04.05.2025, 21:23:35] ::1 GET /resurse/stiluri/general700.css
[04.05.2025, 21:23:35] ::1 GET /resurse/36_lectie_demo_flori_si_aranjamente_florale.pdf
[04.05.2025, 21:23:35] ::1 GET /print.css
[04.05.2025, 21:23:35] ::1 GET /resurse/stiluri/nav1000.css
[04.05.2025, 21:23:35] ::1 GET /resurse/stiluri/nav700.css
[04.05.2025, 21:23:35] ::1 GET /resurse/imagini/site.webmanifest
[04.05.2025, 21:23:38] ::1 GET /despre
[04.05.2025, 21:23:38] ::1 GET /resurse/stiluri/general.css
[04.05.2025, 21:23:38] ::1 GET /resurse/stiluri/nav.css
[04.05.2025, 21:23:38] ::1 GET /resurse/stiluri/general1000.css
[04.05.2025, 21:23:38] ::1 GET /resurse/stiluri/general700.css
[04.05.2025, 21:23:38] ::1 GET /print.css
[04.05.2025, 21:23:38] ::1 GET /resurse/stiluri/nav1000.css
[04.05.2025, 21:23:38] ::1 GET /resurse/stiluri/nav700.css
[04.05.2025, 21:23:38] ::1 GET /resurse/36_lectie_demo_flori_si_aranjamente_florale.pdf
[04.05.2025, 21:23:38] ::1 GET /resurse/imagini/site.webmanifest
[04.05.2025, 21:23:39] ::1 GET /resurse/imagini/web-app-manifest-512x512.png
[04.05.2025, 21:23:39] ::1 GET /
[04.05.2025, 21:23:39] ::1 GET /resurse/stiluri/general.css
[04.05.2025, 21:23:39] ::1 GET /resurse/stiluri/nav.css
[04.05.2025, 21:23:39] ::1 GET /resurse/poze/d5c727770710fa40938154fa9fedfdc6.jpg
[04.05.2025, 21:23:39] ::1 GET /resurse/poze/harta_imagini_2.png
[04.05.2025, 21:23:39] ::1 GET /resurse/stiluri/general1000.css
[04.05.2025, 21:23:39] ::1 GET /resurse/stiluri/general700.css
[04.05.2025, 21:23:39] ::1 GET /print.css
[04.05.2025, 21:23:39] ::1 GET /resurse/stiluri/nav1000.css
[04.05.2025, 21:23:39] ::1 GET /resurse/36_lectie_demo_flori_si_aranjamente_florale.pdf
[04.05.2025, 21:23:39] ::1 GET /resurse/stiluri/nav700.css
[04.05.2025, 21:23:39] ::1 GET /resurse/imagini/site.webmanifest
[04.05.2025, 21:24:59] ::1 GET /
[04.05.2025, 21:24:59] ::1 GET /resurse/stiluri/general.css
[04.05.2025, 21:24:59] ::1 GET /resurse/stiluri/nav.css
[04.05.2025, 21:24:59] ::1 GET /resurse/poze/d5c727770710fa40938154fa9fedfdc6.jpg
[04.05.2025, 21:24:59] ::1 GET /resurse/poze/harta_imagini_2.png
[04.05.2025, 21:24:59] ::1 GET /resurse/stiluri/general1000.css
[04.05.2025, 21:24:59] ::1 GET /resurse/stiluri/general700.css
[04.05.2025, 21:24:59] ::1 GET /resurse/36_lectie_demo_flori_si_aranjamente_florale.pdf
[04.05.2025, 21:24:59] ::1 GET /print.css
[04.05.2025, 21:24:59] ::1 GET /resurse/stiluri/nav1000.css
[04.05.2025, 21:24:59] ::1 GET /resurse/stiluri/nav700.css
[04.05.2025, 21:24:59] ::1 GET /resurse/imagini/site.webmanifest
[04.05.2025, 21:25:00] ::1 GET /despre
[04.05.2025, 21:25:00] ::1 GET /resurse/stiluri/general.css
[04.05.2025, 21:25:00] ::1 GET /resurse/stiluri/nav.css
[04.05.2025, 21:25:00] ::1 GET /resurse/stiluri/general1000.css
[04.05.2025, 21:25:00] ::1 GET /resurse/stiluri/general700.css
[04.05.2025, 21:25:00] ::1 GET /print.css
[04.05.2025, 21:25:00] ::1 GET /resurse/stiluri/nav1000.css
[04.05.2025, 21:25:00] ::1 GET /resurse/stiluri/nav700.css
[04.05.2025, 21:25:00] ::1 GET /resurse/36_lectie_demo_flori_si_aranjamente_florale.pdf
[04.05.2025, 21:25:00] ::1 GET /resurse/imagini/site.webmanifest
[04.05.2025, 21:25:00] ::1 GET /resurse/imagini/web-app-manifest-512x512.png
[04.05.2025, 21:25:03] ::1 GET /
[04.05.2025, 21:25:04] ::1 GET /resurse/stiluri/general.css
[04.05.2025, 21:25:04] ::1 GET /resurse/stiluri/nav.css
[04.05.2025, 21:25:04] ::1 GET /resurse/poze/d5c727770710fa40938154fa9fedfdc6.jpg
[04.05.2025, 21:25:04] ::1 GET /resurse/poze/harta_imagini_2.png
[04.05.2025, 21:25:04] ::1 GET /resurse/stiluri/general1000.css
[04.05.2025, 21:25:04] ::1 GET /resurse/stiluri/general700.css
[04.05.2025, 21:25:04] ::1 GET /print.css
[04.05.2025, 21:25:04] ::1 GET /resurse/stiluri/nav1000.css
[04.05.2025, 21:25:04] ::1 GET /resurse/36_lectie_demo_flori_si_aranjamente_florale.pdf
[04.05.2025, 21:25:04] ::1 GET /resurse/stiluri/nav700.css
[04.05.2025, 21:25:04] ::1 GET /resurse/imagini/site.webmanifest
[04.05.2025, 21:44:49] ::1 GET /
[04.05.2025, 21:44:49] ::1 GET /resurse/stiluri/general.css
[04.05.2025, 21:44:49] ::1 GET /resurse/video/poster.jpg
[04.05.2025, 21:44:49] ::1 GET /resurse/stiluri/nav.css
[04.05.2025, 21:44:49] ::1 GET /resurse/poze/d5c727770710fa40938154fa9fedfdc6.jpg
[04.05.2025, 21:44:49] ::1 GET /resurse/poze/harta_imagini_2.png
[04.05.2025, 21:44:49] ::1 GET /resurse/stiluri/general1000.css
[04.05.2025, 21:44:49] ::1 GET /resurse/stiluri/general700.css
[04.05.2025, 21:44:49] ::1 GET /print.css
[04.05.2025, 21:44:49] ::1 GET /resurse/stiluri/nav1000.css
[04.05.2025, 21:44:49] ::1 GET /resurse/stiluri/nav700.css
[04.05.2025, 21:44:49] ::1 GET /resurse/video/clip.mp4
[04.05.2025, 21:44:49] ::1 GET /resurse/36_lectie_demo_flori_si_aranjamente_florale.pdf
[04.05.2025, 21:44:49] ::1 GET /resurse/video/subtitrare-ro.vtt
[04.05.2025, 21:44:49] ::1 GET /resurse/video/clip.webm
[04.05.2025, 21:44:49] ::1 GET /resurse/imagini/site.webmanifest
[04.05.2025, 21:44:52] ::1 GET /resurse/imagini/web-app-manifest-512x512.png
[04.05.2025, 21:47:46] ::1 GET /
[04.05.2025, 21:47:46] ::1 GET /resurse/stiluri/general.css
[04.05.2025, 21:47:46] ::1 GET /resurse/stiluri/nav.css
[04.05.2025, 21:47:46] ::1 GET /resurse/poze/d5c727770710fa40938154fa9fedfdc6.jpg
[04.05.2025, 21:47:46] ::1 GET /resurse/video/poster.jpg
[04.05.2025, 21:47:46] ::1 GET /resurse/poze/harta_imagini_2.png
[04.05.2025, 21:47:46] ::1 GET /resurse/stiluri/general1000.css
[04.05.2025, 21:47:46] ::1 GET /resurse/36_lectie_demo_flori_si_aranjamente_florale.pdf
[04.05.2025, 21:47:46] ::1 GET /resurse/video/subtitrare-ro.vtt
[04.05.2025, 21:47:46] ::1 GET /resurse/video/clip.mp4
[04.05.2025, 21:47:46] ::1 GET /resurse/stiluri/general700.css
[04.05.2025, 21:47:46] ::1 GET /print.css
[04.05.2025, 21:47:46] ::1 GET /resurse/stiluri/nav1000.css
[04.05.2025, 21:47:46] ::1 GET /resurse/stiluri/nav700.css
[04.05.2025, 21:47:46] ::1 GET /resurse/video/clip.webm
[04.05.2025, 21:47:46] ::1 GET /resurse/imagini/site.webmanifest
[04.05.2025, 21:47:47] ::1 GET /resurse/imagini/web-app-manifest-512x512.png
[04.05.2025, 21:50:31] ::1 GET /
[04.05.2025, 21:50:31] ::1 GET /resurse/stiluri/general.css
[04.05.2025, 21:50:31] ::1 GET /resurse/stiluri/nav.css
[04.05.2025, 21:50:31] ::1 GET /resurse/stiluri/general1000.css
[04.05.2025, 21:50:31] ::1 GET /resurse/poze/d5c727770710fa40938154fa9fedfdc6.jpg
[04.05.2025, 21:50:31] ::1 GET /resurse/video/poster.jpg
[04.05.2025, 21:50:31] ::1 GET /resurse/poze/harta_imagini_2.png
[04.05.2025, 21:50:31] ::1 GET /resurse/36_lectie_demo_flori_si_aranjamente_florale.pdf
[04.05.2025, 21:50:31] ::1 GET /resurse/video/clip.mp4
[04.05.2025, 21:50:31] ::1 GET /resurse/video/subtitrare-ro.vtt
[04.05.2025, 21:50:31] ::1 GET /resurse/stiluri/general700.css
[04.05.2025, 21:50:31] ::1 GET /print.css
[04.05.2025, 21:50:31] ::1 GET /resurse/stiluri/nav1000.css
[04.05.2025, 21:50:31] ::1 GET /resurse/stiluri/nav700.css
[04.05.2025, 21:50:31] ::1 GET /resurse/video/clip.webm
[04.05.2025, 21:50:31] ::1 GET /resurse/imagini/site.webmanifest
[04.05.2025, 21:50:32] ::1 GET /resurse/imagini/web-app-manifest-512x512.png
[05.05.2025, 16:47:54] ::1 GET /
[05.05.2025, 16:47:55] ::1 GET /resurse/stiluri/general.css
[05.05.2025, 16:47:55] ::1 GET /resurse/stiluri/nav.css
[05.05.2025, 16:47:55] ::1 GET /resurse/poze/d5c727770710fa40938154fa9fedfdc6.jpg
[05.05.2025, 16:47:55] ::1 GET /resurse/video/poster.jpg
[05.05.2025, 16:47:55] ::1 GET /resurse/poze/harta_imagini_2.png
[05.05.2025, 16:47:55] ::1 GET /resurse/stiluri/general1000.css
[05.05.2025, 16:47:55] ::1 GET /resurse/stiluri/general700.css
[05.05.2025, 16:47:55] ::1 GET /print.css
[05.05.2025, 16:47:55] ::1 GET /resurse/stiluri/nav700.css
[05.05.2025, 16:47:55] ::1 GET /resurse/stiluri/nav1000.css
[05.05.2025, 16:47:55] ::1 GET /resurse/video/clip.mp4
[05.05.2025, 16:47:55] ::1 GET /resurse/video/subtitrare-ro.vtt
[05.05.2025, 16:47:55] ::1 GET /resurse/36_lectie_demo_flori_si_aranjamente_florale.pdf
[05.05.2025, 16:47:55] ::1 GET /resurse/video/clip.webm
[05.05.2025, 16:47:55] ::1 GET /resurse/imagini/site.webmanifest
[05.05.2025, 16:48:04] ::1 GET /despre
[05.05.2025, 16:48:04] ::1 GET /resurse/stiluri/general.css
[05.05.2025, 16:48:04] ::1 GET /resurse/stiluri/nav.css
[05.05.2025, 16:48:04] ::1 GET /resurse/stiluri/general1000.css
[05.05.2025, 16:48:04] ::1 GET /resurse/stiluri/general700.css
[05.05.2025, 16:48:04] ::1 GET /print.css
[05.05.2025, 16:48:04] ::1 GET /resurse/stiluri/nav1000.css
[05.05.2025, 16:48:04] ::1 GET /resurse/36_lectie_demo_flori_si_aranjamente_florale.pdf
[05.05.2025, 16:48:04] ::1 GET /resurse/stiluri/nav700.css
[05.05.2025, 16:48:04] ::1 GET /resurse/imagini/site.webmanifest
[05.05.2025, 16:49:31] ::1 GET /despre
[05.05.2025, 16:49:31] ::1 GET /resurse/stiluri/general.css
[05.05.2025, 16:49:31] ::1 GET /resurse/stiluri/nav.css
[05.05.2025, 16:49:31] ::1 GET /resurse/stiluri/general1000.css
[05.05.2025, 16:49:31] ::1 GET /resurse/stiluri/general700.css
[05.05.2025, 16:49:31] ::1 GET /print.css
[05.05.2025, 16:49:31] ::1 GET /resurse/stiluri/nav1000.css
[05.05.2025, 16:49:31] ::1 GET /resurse/stiluri/nav700.css
[05.05.2025, 16:49:31] ::1 GET /resurse/36_lectie_demo_flori_si_aranjamente_florale.pdf
[05.05.2025, 16:49:31] ::1 GET /resurse/imagini/site.webmanifest
[05.05.2025, 16:49:32] ::1 GET /resurse/imagini/web-app-manifest-512x512.png
[05.05.2025, 16:49:32] ::1 GET /resurse/imacini/web-app-manifest-192x192.png
[05.05.2025, 16:49:34] ::1 GET /resurse/stiluri/general.css
[05.05.2025, 16:49:34] ::1 GET /resurse/imagini/erori/500.jpg
[05.05.2025, 16:49:34] ::1 GET /resurse/stiluri/nav.css
[05.05.2025, 16:49:34] ::1 GET /resurse/stiluri/general1000.css
[05.05.2025, 16:49:34] ::1 GET /resurse/stiluri/general700.css
[05.05.2025, 16:49:34] ::1 GET /print.css
[05.05.2025, 16:49:34] ::1 GET /resurse/stiluri/nav1000.css
[05.05.2025, 16:49:34] ::1 GET /resurse/36_lectie_demo_flori_si_aranjamente_florale.pdf
[05.05.2025, 16:49:34] ::1 GET /resurse/stiluri/nav700.css
[05.05.2025, 16:49:34] ::1 GET /resurse/imagini/site.webmanifest
[05.05.2025, 16:55:31] ::1 GET /resurse/stiluri/general.css
[05.05.2025, 16:55:31] ::1 GET /resurse/stiluri/nav.css
[05.05.2025, 16:55:31] ::1 GET /resurse/imagini/erori/500.jpg
[05.05.2025, 16:55:31] ::1 GET /resurse/stiluri/general1000.css
[05.05.2025, 16:55:31] ::1 GET /resurse/stiluri/general700.css
[05.05.2025, 16:55:31] ::1 GET /print.css
[05.05.2025, 16:55:32] ::1 GET /resurse/36_lectie_demo_flori_si_aranjamente_florale.pdf
[05.05.2025, 16:55:32] ::1 GET /resurse/stiluri/nav1000.css
[05.05.2025, 16:55:32] ::1 GET /resurse/stiluri/nav700.css
[05.05.2025, 16:55:32] ::1 GET /resurse/imagini/site.webmanifest
[05.05.2025, 16:55:32] ::1 GET /resurse/imagini/web-app-manifest-512x512.png
[05.05.2025, 16:55:33] ::1 GET /resurse/stiluri/general.css
[05.05.2025, 16:55:33] ::1 GET /resurse/stiluri/nav.css
[05.05.2025, 16:55:33] ::1 GET /resurse/imagini/erori/500.jpg
[05.05.2025, 16:55:33] ::1 GET /resurse/stiluri/general1000.css
[05.05.2025, 16:55:33] ::1 GET /resurse/stiluri/general700.css
[05.05.2025, 16:55:33] ::1 GET /print.css
[05.05.2025, 16:55:33] ::1 GET /resurse/stiluri/nav1000.css
[05.05.2025, 16:55:33] ::1 GET /resurse/36_lectie_demo_flori_si_aranjamente_florale.pdf
[05.05.2025, 16:55:33] ::1 GET /resurse/stiluri/nav700.css
[05.05.2025, 16:55:33] ::1 GET /resurse/imagini/site.webmanifest
[05.05.2025, 16:58:14] ::1 GET /resurse/imagini/galerie/aaa4bbb7f7ebd6ae67b7b828a824fc34.jpg
[05.05.2025, 16:58:14] ::1 GET /resurse/imagini/galerie/503508d9e7ee54ae3f21525d326778ce.jpg
[05.05.2025, 16:58:14] ::1 GET /favicon.ico
[05.05.2025, 17:00:48] ::1 GET /resurse/stiluri/general.css
[05.05.2025, 17:00:48] ::1 GET /resurse/stiluri/nav.css
[05.05.2025, 17:00:48] ::1 GET /resurse/imagini/erori/500.jpg
[05.05.2025, 17:00:48] ::1 GET /resurse/stiluri/general1000.css
[05.05.2025, 17:00:48] ::1 GET /resurse/stiluri/general700.css
[05.05.2025, 17:00:48] ::1 GET /print.css
[05.05.2025, 17:00:48] ::1 GET /resurse/36_lectie_demo_flori_si_aranjamente_florale.pdf
[05.05.2025, 17:00:48] ::1 GET /resurse/stiluri/nav1000.css
[05.05.2025, 17:00:48] ::1 GET /resurse/stiluri/nav700.css
[05.05.2025, 17:00:48] ::1 GET /resurse/imagini/fundal.jpg
[05.05.2025, 17:00:48] ::1 GET /resurse/imagini/site.webmanifest
[05.05.2025, 17:00:49] ::1 GET /resurse/imagini/web-app-manifest-512x512.png
[05.05.2025, 17:00:55] ::1 GET /resurse/stiluri/general.css
[05.05.2025, 17:00:55] ::1 GET /resurse/stiluri/nav.css
[05.05.2025, 17:00:55] ::1 GET /resurse/imagini/erori/500.jpg
[05.05.2025, 17:00:55] ::1 GET /resurse/stiluri/general1000.css
[05.05.2025, 17:00:55] ::1 GET /resurse/stiluri/general700.css
[05.05.2025, 17:00:55] ::1 GET /resurse/stiluri/nav1000.css
[05.05.2025, 17:00:55] ::1 GET /print.css
[05.05.2025, 17:00:55] ::1 GET /resurse/36_lectie_demo_flori_si_aranjamente_florale.pdf
[05.05.2025, 17:00:55] ::1 GET /resurse/stiluri/nav700.css
[05.05.2025, 17:00:55] ::1 GET /resurse/imagini/site.webmanifest
[05.05.2025, 17:00:59] ::1 GET /despre
[05.05.2025, 17:00:59] ::1 GET /resurse/stiluri/general.css
[05.05.2025, 17:00:59] ::1 GET /resurse/stiluri/nav.css
[05.05.2025, 17:00:59] ::1 GET /resurse/stiluri/general1000.css
[05.05.2025, 17:00:59] ::1 GET /resurse/stiluri/general700.css
[05.05.2025, 17:00:59] ::1 GET /print.css
[05.05.2025, 17:00:59] ::1 GET /resurse/stiluri/nav1000.css
[05.05.2025, 17:00:59] ::1 GET /resurse/36_lectie_demo_flori_si_aranjamente_florale.pdf
[05.05.2025, 17:00:59] ::1 GET /resurse/stiluri/nav700.css
[05.05.2025, 17:00:59] ::1 GET /resurse/imagini/site.webmanifest
[05.05.2025, 17:01:01] ::1 GET /
[05.05.2025, 17:01:01] ::1 GET /resurse/stiluri/general.css
[05.05.2025, 17:01:01] ::1 GET /resurse/stiluri/nav.css
[05.05.2025, 17:01:01] ::1 GET /resurse/poze/d5c727770710fa40938154fa9fedfdc6.jpg
[05.05.2025, 17:01:01] ::1 GET /resurse/video/poster.jpg
[05.05.2025, 17:01:01] ::1 GET /resurse/poze/harta_imagini_2.png
[05.05.2025, 17:01:01] ::1 GET /resurse/stiluri/general1000.css
[05.05.2025, 17:01:01] ::1 GET /resurse/stiluri/general700.css
[05.05.2025, 17:01:01] ::1 GET /resurse/36_lectie_demo_flori_si_aranjamente_florale.pdf
[05.05.2025, 17:01:01] ::1 GET /resurse/video/clip.mp4
[05.05.2025, 17:01:01] ::1 GET /resurse/video/subtitrare-ro.vtt
[05.05.2025, 17:01:01] ::1 GET /print.css
[05.05.2025, 17:01:01] ::1 GET /resurse/stiluri/nav1000.css
[05.05.2025, 17:01:01] ::1 GET /resurse/stiluri/nav700.css
[05.05.2025, 17:01:01] ::1 GET /resurse/video/clip.webm
[05.05.2025, 17:01:01] ::1 GET /resurse/imagini/site.webmanifest
[05.05.2025, 17:02:24] ::1 GET /
[05.05.2025, 17:02:24] ::1 GET /resurse/stiluri/general.css
[05.05.2025, 17:02:24] ::1 GET /resurse/stiluri/nav.css
[05.05.2025, 17:02:24] ::1 GET /resurse/poze/d5c727770710fa40938154fa9fedfdc6.jpg
[05.05.2025, 17:02:24] ::1 GET /resurse/video/poster.jpg
[05.05.2025, 17:02:24] ::1 GET /resurse/poze/harta_imagini_2.png
[05.05.2025, 17:02:24] ::1 GET /resurse/stiluri/general1000.css
[05.05.2025, 17:02:24] ::1 GET /resurse/stiluri/general700.css
[05.05.2025, 17:02:24] ::1 GET /resurse/36_lectie_demo_flori_si_aranjamente_florale.pdf
[05.05.2025, 17:02:24] ::1 GET /print.css
[05.05.2025, 17:02:24] ::1 GET /resurse/video/clip.mp4
[05.05.2025, 17:02:24] ::1 GET /resurse/video/subtitrare-ro.vtt
[05.05.2025, 17:02:24] ::1 GET /resurse/stiluri/nav1000.css
[05.05.2025, 17:02:24] ::1 GET /resurse/stiluri/nav700.css
[05.05.2025, 17:02:24] ::1 GET /resurse/imagini/fundal.jpg
[05.05.2025, 17:02:24] ::1 GET /resurse/video/clip.webm
[05.05.2025, 17:02:24] ::1 GET /resurse/imagini/site.webmanifest
[05.05.2025, 17:02:27] ::1 GET /resurse/imagini/web-app-manifest-512x512.png
[05.05.2025, 17:02:32] ::1 GET /
[05.05.2025, 17:02:32] ::1 GET /resurse/stiluri/general.css
[05.05.2025, 17:02:32] ::1 GET /resurse/stiluri/nav.css
[05.05.2025, 17:02:32] ::1 GET /resurse/poze/d5c727770710fa40938154fa9fedfdc6.jpg
[05.05.2025, 17:02:32] ::1 GET /resurse/poze/harta_imagini_2.png
[05.05.2025, 17:02:32] ::1 GET /resurse/video/poster.jpg
[05.05.2025, 17:02:32] ::1 GET /resurse/stiluri/general1000.css
[05.05.2025, 17:02:32] ::1 GET /resurse/stiluri/general700.css
[05.05.2025, 17:02:32] ::1 GET /resurse/36_lectie_demo_flori_si_aranjamente_florale.pdf
[05.05.2025, 17:02:32] ::1 GET /resurse/video/subtitrare-ro.vtt
[05.05.2025, 17:02:32] ::1 GET /resurse/video/clip.mp4
[05.05.2025, 17:02:32] ::1 GET /print.css
[05.05.2025, 17:02:32] ::1 GET /resurse/stiluri/nav1000.css
[05.05.2025, 17:02:32] ::1 GET /resurse/stiluri/nav700.css
[05.05.2025, 17:02:32] ::1 GET /resurse/video/clip.webm
[05.05.2025, 17:02:32] ::1 GET /resurse/imagini/site.webmanifest
[05.05.2025, 17:02:33] ::1 GET /
[05.05.2025, 17:02:33] ::1 GET /resurse/stiluri/general.css
[05.05.2025, 17:02:33] ::1 GET /resurse/stiluri/nav.css
[05.05.2025, 17:02:33] ::1 GET /resurse/poze/d5c727770710fa40938154fa9fedfdc6.jpg
[05.05.2025, 17:02:33] ::1 GET /resurse/video/poster.jpg
[05.05.2025, 17:02:33] ::1 GET /resurse/poze/harta_imagini_2.png
[05.05.2025, 17:02:33] ::1 GET /resurse/stiluri/general1000.css
[05.05.2025, 17:02:33] ::1 GET /resurse/stiluri/general700.css
[05.05.2025, 17:02:33] ::1 GET /resurse/video/subtitrare-ro.vtt
[05.05.2025, 17:02:33] ::1 GET /resurse/video/clip.mp4
[05.05.2025, 17:02:33] ::1 GET /resurse/36_lectie_demo_flori_si_aranjamente_florale.pdf
[05.05.2025, 17:02:33] ::1 GET /resurse/imagini/site.webmanifest
[05.05.2025, 17:02:33] ::1 GET /print.css
[05.05.2025, 17:02:33] ::1 GET /resurse/stiluri/nav1000.css
[05.05.2025, 17:02:33] ::1 GET /resurse/stiluri/nav700.css
[05.05.2025, 17:02:33] ::1 GET /resurse/video/clip.webm
[05.05.2025, 17:02:35] ::1 GET /resurse/imagini/web-app-manifest-512x512.png
[05.05.2025, 17:03:39] ::1 GET /
[05.05.2025, 17:03:39] ::1 GET /resurse/stiluri/general.css
[05.05.2025, 17:03:39] ::1 GET /resurse/stiluri/nav.css
[05.05.2025, 17:03:39] ::1 GET /resurse/poze/d5c727770710fa40938154fa9fedfdc6.jpg
[05.05.2025, 17:03:39] ::1 GET /resurse/video/poster.jpg
[05.05.2025, 17:03:39] ::1 GET /resurse/poze/harta_imagini_2.png
[05.05.2025, 17:03:39] ::1 GET /resurse/stiluri/general1000.css
[05.05.2025, 17:03:39] ::1 GET /resurse/stiluri/general700.css
[05.05.2025, 17:03:39] ::1 GET /print.css
[05.05.2025, 17:03:39] ::1 GET /resurse/stiluri/nav1000.css
[05.05.2025, 17:03:39] ::1 GET /resurse/36_lectie_demo_flori_si_aranjamente_florale.pdf
[05.05.2025, 17:03:39] ::1 GET /resurse/video/clip.mp4
[05.05.2025, 17:03:39] ::1 GET /resurse/video/subtitrare-ro.vtt
[05.05.2025, 17:03:39] ::1 GET /resurse/stiluri/nav700.css
[05.05.2025, 17:03:39] ::1 GET /resurse/video/clip.webm
[05.05.2025, 17:03:39] ::1 GET /resurse/imagini/site.webmanifest
[05.05.2025, 17:03:41] ::1 GET /despre
[05.05.2025, 17:03:41] ::1 GET /resurse/stiluri/general.css
[05.05.2025, 17:03:41] ::1 GET /resurse/stiluri/nav.css
[05.05.2025, 17:03:41] ::1 GET /resurse/stiluri/general1000.css
[05.05.2025, 17:03:41] ::1 GET /resurse/stiluri/general700.css
[05.05.2025, 17:03:41] ::1 GET /resurse/stiluri/nav1000.css
[05.05.2025, 17:03:41] ::1 GET /print.css
[05.05.2025, 17:03:41] ::1 GET /resurse/stiluri/nav700.css
[05.05.2025, 17:03:41] ::1 GET /resurse/36_lectie_demo_flori_si_aranjamente_florale.pdf
[05.05.2025, 17:03:41] ::1 GET /resurse/imagini/site.webmanifest
[05.05.2025, 17:03:41] ::1 GET /resurse/imagini/web-app-manifest-512x512.png
[05.05.2025, 17:03:42] ::1 GET /resurse/stiluri/general.css
[05.05.2025, 17:03:42] ::1 GET /resurse/stiluri/nav.css
[05.05.2025, 17:03:42] ::1 GET /resurse/imagini/erori/500.jpg
[05.05.2025, 17:03:42] ::1 GET /resurse/stiluri/general1000.css
[05.05.2025, 17:03:42] ::1 GET /resurse/stiluri/general700.css
[05.05.2025, 17:03:42] ::1 GET /print.css
[05.05.2025, 17:03:42] ::1 GET /resurse/stiluri/nav1000.css
[05.05.2025, 17:03:42] ::1 GET /resurse/36_lectie_demo_flori_si_aranjamente_florale.pdf
[05.05.2025, 17:03:42] ::1 GET /resurse/stiluri/nav700.css
[05.05.2025, 17:03:42] ::1 GET /resurse/imagini/site.webmanifest
[05.05.2025, 17:05:01] ::1 GET /
[05.05.2025, 17:05:01] ::1 GET /resurse/stiluri/general.css
[05.05.2025, 17:05:01] ::1 GET /resurse/stiluri/nav.css
[05.05.2025, 17:05:01] ::1 GET /resurse/poze/d5c727770710fa40938154fa9fedfdc6.jpg
[05.05.2025, 17:05:01] ::1 GET /resurse/video/poster.jpg
[05.05.2025, 17:05:01] ::1 GET /resurse/poze/harta_imagini_2.png
[05.05.2025, 17:05:01] ::1 GET /resurse/stiluri/general1000.css
[05.05.2025, 17:05:01] ::1 GET /resurse/stiluri/general700.css
[05.05.2025, 17:05:01] ::1 GET /resurse/36_lectie_demo_flori_si_aranjamente_florale.pdf
[05.05.2025, 17:05:01] ::1 GET /resurse/video/clip.mp4
[05.05.2025, 17:05:01] ::1 GET /resurse/video/subtitrare-ro.vtt
[05.05.2025, 17:05:01] ::1 GET /print.css
[05.05.2025, 17:05:01] ::1 GET /resurse/stiluri/nav1000.css
[05.05.2025, 17:05:01] ::1 GET /resurse/stiluri/nav700.css
[05.05.2025, 17:05:01] ::1 GET /resurse/video/clip.webm
[05.05.2025, 17:05:01] ::1 GET /resurse/imagini/site.webmanifest
[05.05.2025, 17:06:07] ::1 GET /
[05.05.2025, 17:06:07] ::1 GET /resurse/stiluri/general.css
[05.05.2025, 17:06:07] ::1 GET /resurse/stiluri/nav.css
[05.05.2025, 17:06:07] ::1 GET /resurse/poze/d5c727770710fa40938154fa9fedfdc6.jpg
[05.05.2025, 17:06:07] ::1 GET /resurse/video/poster.jpg
[05.05.2025, 17:06:07] ::1 GET /resurse/poze/harta_imagini_2.png
[05.05.2025, 17:06:07] ::1 GET /resurse/stiluri/general1000.css
[05.05.2025, 17:06:07] ::1 GET /resurse/36_lectie_demo_flori_si_aranjamente_florale.pdf
[05.05.2025, 17:06:07] ::1 GET /resurse/video/clip.mp4
[05.05.2025, 17:06:07] ::1 GET /resurse/video/subtitrare-ro.vtt
[05.05.2025, 17:06:07] ::1 GET /resurse/stiluri/general700.css
[05.05.2025, 17:06:07] ::1 GET /print.css
[05.05.2025, 17:06:07] ::1 GET /resurse/stiluri/nav1000.css
[05.05.2025, 17:06:07] ::1 GET /resurse/stiluri/nav700.css
[05.05.2025, 17:06:07] ::1 GET /resurse/video/clip.webm
[05.05.2025, 17:06:07] ::1 GET /resurse/imagini/site.webmanifest
[05.05.2025, 17:06:10] ::1 GET /resurse/imagini/web-app-manifest-512x512.png
[05.05.2025, 17:06:25] ::1 GET /
[05.05.2025, 17:06:25] ::1 GET /resurse/stiluri/general.css
[05.05.2025, 17:06:25] ::1 GET /resurse/stiluri/nav.css
[05.05.2025, 17:06:25] ::1 GET /resurse/poze/d5c727770710fa40938154fa9fedfdc6.jpg
[05.05.2025, 17:06:25] ::1 GET /resurse/video/poster.jpg
[05.05.2025, 17:06:25] ::1 GET /resurse/poze/harta_imagini_2.png
[05.05.2025, 17:06:25] ::1 GET /resurse/stiluri/general1000.css
[05.05.2025, 17:06:25] ::1 GET /resurse/stiluri/general700.css
[05.05.2025, 17:06:25] ::1 GET /resurse/video/clip.mp4
[05.05.2025, 17:06:25] ::1 GET /resurse/36_lectie_demo_flori_si_aranjamente_florale.pdf
[05.05.2025, 17:06:25] ::1 GET /print.css
[05.05.2025, 17:06:25] ::1 GET /resurse/video/subtitrare-ro.vtt
[05.05.2025, 17:06:25] ::1 GET /resurse/stiluri/nav1000.css
[05.05.2025, 17:06:25] ::1 GET /resurse/stiluri/nav700.css
[05.05.2025, 17:06:25] ::1 GET /resurse/video/clip.webm
[05.05.2025, 17:06:25] ::1 GET /resurse/imagini/site.webmanifest
[05.05.2025, 17:06:28] ::1 GET /
[05.05.2025, 17:06:28] ::1 GET /resurse/stiluri/general.css
[05.05.2025, 17:06:28] ::1 GET /resurse/stiluri/nav.css
[05.05.2025, 17:06:28] ::1 GET /resurse/poze/d5c727770710fa40938154fa9fedfdc6.jpg
[05.05.2025, 17:06:28] ::1 GET /resurse/video/poster.jpg
[05.05.2025, 17:06:28] ::1 GET /resurse/poze/harta_imagini_2.png
[05.05.2025, 17:06:28] ::1 GET /resurse/stiluri/general1000.css
[05.05.2025, 17:06:28] ::1 GET /resurse/stiluri/general700.css
[05.05.2025, 17:06:28] ::1 GET /resurse/36_lectie_demo_flori_si_aranjamente_florale.pdf
[05.05.2025, 17:06:28] ::1 GET /resurse/video/clip.mp4
[05.05.2025, 17:06:28] ::1 GET /resurse/video/subtitrare-ro.vtt
[05.05.2025, 17:06:28] ::1 GET /print.css
[05.05.2025, 17:06:28] ::1 GET /resurse/stiluri/nav1000.css
[05.05.2025, 17:06:28] ::1 GET /resurse/stiluri/nav700.css
[05.05.2025, 17:06:28] ::1 GET /resurse/video/clip.webm
[05.05.2025, 17:06:28] ::1 GET /resurse/imagini/site.webmanifest
[05.05.2025, 17:06:31] ::1 GET /resurse/imagini/web-app-manifest-512x512.png
[05.05.2025, 17:07:55] ::1 GET /
[05.05.2025, 17:07:55] ::1 GET /resurse/stiluri/general.css
[05.05.2025, 17:07:55] ::1 GET /resurse/stiluri/nav.css
[05.05.2025, 17:07:55] ::1 GET /resurse/poze/d5c727770710fa40938154fa9fedfdc6.jpg
[05.05.2025, 17:07:55] ::1 GET /resurse/video/poster.jpg
[05.05.2025, 17:07:55] ::1 GET /resurse/poze/harta_imagini_2.png
[05.05.2025, 17:07:55] ::1 GET /resurse/stiluri/general1000.css
[05.05.2025, 17:07:55] ::1 GET /resurse/stiluri/general700.css
[05.05.2025, 17:07:55] ::1 GET /resurse/36_lectie_demo_flori_si_aranjamente_florale.pdf
[05.05.2025, 17:07:55] ::1 GET /resurse/video/clip.mp4
[05.05.2025, 17:07:55] ::1 GET /resurse/video/subtitrare-ro.vtt
[05.05.2025, 17:07:55] ::1 GET /print.css
[05.05.2025, 17:07:55] ::1 GET /resurse/stiluri/nav1000.css
[05.05.2025, 17:07:55] ::1 GET /resurse/stiluri/nav700.css
[05.05.2025, 17:07:56] ::1 GET /resurse/video/clip.webm
[05.05.2025, 17:07:56] ::1 GET /resurse/imagini/site.webmanifest
[05.05.2025, 17:07:59] ::1 GET /resurse/imagini/web-app-manifest-512x512.png
[05.05.2025, 17:08:18] ::1 GET /
[05.05.2025, 17:08:18] ::1 GET /resurse/stiluri/general.css
[05.05.2025, 17:08:18] ::1 GET /resurse/stiluri/nav.css
[05.05.2025, 17:08:18] ::1 GET /resurse/poze/d5c727770710fa40938154fa9fedfdc6.jpg
[05.05.2025, 17:08:18] ::1 GET /resurse/video/poster.jpg
[05.05.2025, 17:08:18] ::1 GET /resurse/poze/harta_imagini_2.png
[05.05.2025, 17:08:18] ::1 GET /resurse/stiluri/general1000.css
[05.05.2025, 17:08:18] ::1 GET /resurse/36_lectie_demo_flori_si_aranjamente_florale.pdf
[05.05.2025, 17:08:18] ::1 GET /resurse/video/subtitrare-ro.vtt
[05.05.2025, 17:08:18] ::1 GET /resurse/video/clip.mp4
[05.05.2025, 17:08:18] ::1 GET /resurse/stiluri/general700.css
[05.05.2025, 17:08:18] ::1 GET /print.css
[05.05.2025, 17:08:18] ::1 GET /resurse/stiluri/nav1000.css
[05.05.2025, 17:08:18] ::1 GET /resurse/stiluri/nav700.css
[05.05.2025, 17:08:18] ::1 GET /resurse/video/clip.webm
[05.05.2025, 17:08:19] ::1 GET /resurse/imagini/site.webmanifest
[05.05.2025, 17:08:22] ::1 GET /resurse/imagini/web-app-manifest-512x512.png
[05.05.2025, 17:08:44] ::1 GET /
[05.05.2025, 17:08:44] ::1 GET /resurse/stiluri/general.css
[05.05.2025, 17:08:44] ::1 GET /resurse/stiluri/nav.css
[05.05.2025, 17:08:44] ::1 GET /resurse/poze/d5c727770710fa40938154fa9fedfdc6.jpg
[05.05.2025, 17:08:44] ::1 GET /resurse/video/poster.jpg
[05.05.2025, 17:08:44] ::1 GET /resurse/poze/harta_imagini_2.png
[05.05.2025, 17:08:44] ::1 GET /resurse/stiluri/general1000.css
[05.05.2025, 17:08:44] ::1 GET /resurse/36_lectie_demo_flori_si_aranjamente_florale.pdf
[05.05.2025, 17:08:44] ::1 GET /resurse/video/subtitrare-ro.vtt
[05.05.2025, 17:08:44] ::1 GET /resurse/stiluri/general700.css
[05.05.2025, 17:08:44] ::1 GET /resurse/video/clip.mp4
[05.05.2025, 17:08:44] ::1 GET /print.css
[05.05.2025, 17:08:44] ::1 GET /resurse/stiluri/nav1000.css
[05.05.2025, 17:08:44] ::1 GET /resurse/stiluri/nav700.css
[05.05.2025, 17:08:44] ::1 GET /resurse/video/clip.webm
[05.05.2025, 17:08:44] ::1 GET /resurse/imagini/site.webmanifest
[05.05.2025, 17:08:47] ::1 GET /resurse/imagini/web-app-manifest-512x512.png
[05.05.2025, 17:08:47] ::1 GET /
[05.05.2025, 17:08:47] ::1 GET /resurse/stiluri/general.css
[05.05.2025, 17:08:47] ::1 GET /resurse/stiluri/nav.css
[05.05.2025, 17:08:47] ::1 GET /resurse/poze/d5c727770710fa40938154fa9fedfdc6.jpg
[05.05.2025, 17:08:47] ::1 GET /resurse/video/poster.jpg
[05.05.2025, 17:08:47] ::1 GET /resurse/poze/harta_imagini_2.png
[05.05.2025, 17:08:47] ::1 GET /resurse/stiluri/general1000.css
[05.05.2025, 17:08:47] ::1 GET /resurse/stiluri/general700.css
[05.05.2025, 17:08:47] ::1 GET /resurse/36_lectie_demo_flori_si_aranjamente_florale.pdf
[05.05.2025, 17:08:47] ::1 GET /resurse/video/subtitrare-ro.vtt
[05.05.2025, 17:08:47] ::1 GET /print.css
[05.05.2025, 17:08:47] ::1 GET /resurse/stiluri/nav1000.css
[05.05.2025, 17:08:47] ::1 GET /resurse/video/clip.mp4
[05.05.2025, 17:08:47] ::1 GET /resurse/stiluri/nav700.css
[05.05.2025, 17:08:47] ::1 GET /resurse/video/clip.webm
[05.05.2025, 17:08:47] ::1 GET /resurse/imagini/site.webmanifest
[05.05.2025, 17:08:49] ::1 GET /
[05.05.2025, 17:08:49] ::1 GET /resurse/stiluri/general.css
[05.05.2025, 17:08:49] ::1 GET /resurse/stiluri/nav.css
[05.05.2025, 17:08:49] ::1 GET /resurse/poze/d5c727770710fa40938154fa9fedfdc6.jpg
[05.05.2025, 17:08:49] ::1 GET /resurse/video/poster.jpg
[05.05.2025, 17:08:49] ::1 GET /resurse/poze/harta_imagini_2.png
[05.05.2025, 17:08:49] ::1 GET /resurse/stiluri/general1000.css
[05.05.2025, 17:08:49] ::1 GET /resurse/stiluri/general700.css
[05.05.2025, 17:08:49] ::1 GET /resurse/36_lectie_demo_flori_si_aranjamente_florale.pdf
[05.05.2025, 17:08:49] ::1 GET /resurse/video/subtitrare-ro.vtt
[05.05.2025, 17:08:49] ::1 GET /resurse/video/clip.mp4
[05.05.2025, 17:08:49] ::1 GET /print.css
[05.05.2025, 17:08:49] ::1 GET /resurse/stiluri/nav1000.css
[05.05.2025, 17:08:49] ::1 GET /resurse/stiluri/nav700.css
[05.05.2025, 17:08:49] ::1 GET /resurse/video/clip.webm
[05.05.2025, 17:08:49] ::1 GET /resurse/imagini/site.webmanifest
[05.05.2025, 17:12:02] ::1 GET /resurse/stiluri/general.css
[05.05.2025, 17:12:02] ::1 GET /resurse/stiluri/nav.css
[05.05.2025, 17:12:02] ::1 GET /resurse/imagini/erori/500.jpg
[05.05.2025, 17:12:02] ::1 GET /resurse/stiluri/general1000.css
[05.05.2025, 17:12:02] ::1 GET /resurse/stiluri/general700.css
[05.05.2025, 17:12:02] ::1 GET /print.css
[05.05.2025, 17:12:02] ::1 GET /resurse/36_lectie_demo_flori_si_aranjamente_florale.pdf
[05.05.2025, 17:12:02] ::1 GET /resurse/stiluri/nav1000.css
[05.05.2025, 17:12:02] ::1 GET /resurse/stiluri/nav700.css
[05.05.2025, 17:12:02] ::1 GET /resurse/imagini/site.webmanifest
[05.05.2025, 17:15:30] ::1 GET /resurse/stiluri/general.css
[05.05.2025, 17:15:30] ::1 GET /resurse/stiluri/nav.css
[05.05.2025, 17:15:30] ::1 GET /resurse/imagini/erori/500.jpg
[05.05.2025, 17:15:30] ::1 GET /resurse/stiluri/general1000.css
[05.05.2025, 17:15:30] ::1 GET /resurse/stiluri/general700.css
[05.05.2025, 17:15:30] ::1 GET /print.css
[05.05.2025, 17:15:30] ::1 GET /resurse/36_lectie_demo_flori_si_aranjamente_florale.pdf
[05.05.2025, 17:15:30] ::1 GET /resurse/stiluri/nav1000.css
[05.05.2025, 17:15:30] ::1 GET /resurse/stiluri/nav700.css
[05.05.2025, 17:15:30] ::1 GET /resurse/imagini/site.webmanifest
[05.05.2025, 17:15:30] ::1 GET /resurse/imagini/web-app-manifest-512x512.png
[05.05.2025, 17:17:12] ::1 GET /galerie
[05.05.2025, 17:17:12] ::1 GET /resurse/stiluri/general.css
[05.05.2025, 17:17:12] ::1 GET /resurse/stiluri/nav.css
[05.05.2025, 17:17:12] ::1 GET /resurse/imagini/erori/500.jpg
[05.05.2025, 17:17:12] ::1 GET /resurse/stiluri/general1000.css
[05.05.2025, 17:17:12] ::1 GET /resurse/stiluri/general700.css
[05.05.2025, 17:17:12] ::1 GET /print.css
[05.05.2025, 17:17:12] ::1 GET /resurse/36_lectie_demo_flori_si_aranjamente_florale.pdf
[05.05.2025, 17:17:12] ::1 GET /resurse/stiluri/nav1000.css
[05.05.2025, 17:17:12] ::1 GET /resurse/stiluri/nav700.css
[05.05.2025, 17:17:12] ::1 GET /resurse/imagini/site.webmanifest
[05.05.2025, 17:17:13] ::1 GET /resurse/imagini/web-app-manifest-512x512.png
[05.05.2025, 17:21:13] ::1 GET /galerie
[05.05.2025, 17:21:13] ::1 GET /resurse/stiluri/general.css
[05.05.2025, 17:21:13] ::1 GET /resurse/stiluri/nav.css
[05.05.2025, 17:21:13] ::1 GET /resurse/imagini/erori/500.jpg
[05.05.2025, 17:21:13] ::1 GET /resurse/stiluri/general1000.css
[05.05.2025, 17:21:13] ::1 GET /resurse/stiluri/general700.css
[05.05.2025, 17:21:13] ::1 GET /print.css
[05.05.2025, 17:21:13] ::1 GET /resurse/36_lectie_demo_flori_si_aranjamente_florale.pdf
[05.05.2025, 17:21:13] ::1 GET /resurse/stiluri/nav1000.css
[05.05.2025, 17:21:13] ::1 GET /resurse/stiluri/nav700.css
[05.05.2025, 17:21:13] ::1 GET /resurse/imagini/fundal.jpg
[05.05.2025, 17:21:13] ::1 GET /resurse/imagini/site.webmanifest
[05.05.2025, 17:21:14] ::1 GET /resurse/imagini/web-app-manifest-512x512.png
[05.05.2025, 18:12:01] ::1 GET /despre
[05.05.2025, 18:12:01] ::1 GET /resurse/stiluri/general.css
[05.05.2025, 18:12:01] ::1 GET /resurse/stiluri/nav.css
[05.05.2025, 18:12:01] ::1 GET /resurse/stiluri/general1000.css
[05.05.2025, 18:12:01] ::1 GET /resurse/stiluri/general700.css
[05.05.2025, 18:12:01] ::1 GET /print.css
[05.05.2025, 18:12:01] ::1 GET /resurse/stiluri/nav1000.css
[05.05.2025, 18:12:01] ::1 GET /resurse/stiluri/nav700.css
[05.05.2025, 18:12:01] ::1 GET /resurse/36_lectie_demo_flori_si_aranjamente_florale.pdf
[05.05.2025, 18:12:01] ::1 GET /resurse/imagini/fundal.jpg
[05.05.2025, 18:12:01] ::1 GET /resurse/imagini/site.webmanifest
[05.05.2025, 18:12:04] ::1 GET /galerie
[05.05.2025, 18:12:04] ::1 GET /resurse/stiluri/general.css
[05.05.2025, 18:12:04] ::1 GET /resurse/stiluri/nav.css
[05.05.2025, 18:12:04] ::1 GET /resurse/imagini/erori/500.jpg
[05.05.2025, 18:12:04] ::1 GET /resurse/stiluri/general1000.css
[05.05.2025, 18:12:04] ::1 GET /resurse/stiluri/general700.css
[05.05.2025, 18:12:04] ::1 GET /print.css
[05.05.2025, 18:12:04] ::1 GET /resurse/stiluri/nav1000.css
[05.05.2025, 18:12:04] ::1 GET /resurse/36_lectie_demo_flori_si_aranjamente_florale.pdf
[05.05.2025, 18:12:04] ::1 GET /resurse/stiluri/nav700.css
[05.05.2025, 18:12:04] ::1 GET /resurse/imagini/site.webmanifest
[05.05.2025, 18:12:05] ::1 GET /
[05.05.2025, 18:12:05] ::1 GET /resurse/stiluri/general.css
[05.05.2025, 18:12:05] ::1 GET /resurse/stiluri/nav.css
[05.05.2025, 18:12:05] ::1 GET /resurse/poze/d5c727770710fa40938154fa9fedfdc6.jpg
[05.05.2025, 18:12:05] ::1 GET /resurse/video/poster.jpg
[05.05.2025, 18:12:05] ::1 GET /resurse/poze/harta_imagini_2.png
[05.05.2025, 18:12:05] ::1 GET /resurse/stiluri/general1000.css
[05.05.2025, 18:12:05] ::1 GET /resurse/stiluri/general700.css
[05.05.2025, 18:12:05] ::1 GET /resurse/video/clip.mp4
[05.05.2025, 18:12:05] ::1 GET /resurse/36_lectie_demo_flori_si_aranjamente_florale.pdf
[05.05.2025, 18:12:05] ::1 GET /resurse/video/subtitrare-ro.vtt
[05.05.2025, 18:12:05] ::1 GET /print.css
[05.05.2025, 18:12:05] ::1 GET /resurse/stiluri/nav1000.css
[05.05.2025, 18:12:05] ::1 GET /resurse/stiluri/nav700.css
[05.05.2025, 18:12:05] ::1 GET /resurse/video/clip.webm
[05.05.2025, 18:12:05] ::1 GET /resurse/imagini/site.webmanifest
[05.05.2025, 18:13:35] ::1 GET /trandafiri.html
[05.05.2025, 18:13:35] ::1 GET /resurse/stiluri/general.css
[05.05.2025, 18:13:35] ::1 GET /resurse/stiluri/nav.css
[05.05.2025, 18:13:35] ::1 GET /resurse/imagini/erori/404.jpg
[05.05.2025, 18:13:35] ::1 GET /resurse/stiluri/general1000.css
[05.05.2025, 18:13:35] ::1 GET /resurse/stiluri/general700.css
[05.05.2025, 18:13:35] ::1 GET /print.css
[05.05.2025, 18:13:35] ::1 GET /resurse/stiluri/nav1000.css
[05.05.2025, 18:13:35] ::1 GET /resurse/36_lectie_demo_flori_si_aranjamente_florale.pdf
[05.05.2025, 18:13:35] ::1 GET /resurse/stiluri/nav700.css
[05.05.2025, 18:13:35] ::1 GET /resurse/imagini/site.webmanifest
[05.05.2025, 18:19:47] ::1 GET /
[05.05.2025, 18:19:47] ::1 GET /resurse/stiluri/general.css
[05.05.2025, 18:19:47] ::1 GET /resurse/stiluri/nav.css
[05.05.2025, 18:19:47] ::1 GET /resurse/poze/d5c727770710fa40938154fa9fedfdc6.jpg
[05.05.2025, 18:19:47] ::1 GET /resurse/video/poster.jpg
[05.05.2025, 18:19:47] ::1 GET /resurse/poze/harta_imagini_2.png
[05.05.2025, 18:19:47] ::1 GET /resurse/stiluri/general1000.css
[05.05.2025, 18:19:47] ::1 GET /resurse/stiluri/general700.css
[05.05.2025, 18:19:47] ::1 GET /resurse/36_lectie_demo_flori_si_aranjamente_florale.pdf
[05.05.2025, 18:19:47] ::1 GET /resurse/video/subtitrare-ro.vtt
[05.05.2025, 18:19:47] ::1 GET /resurse/imagini/fundal.jpg
[05.05.2025, 18:19:47] ::1 GET /resurse/video/clip.mp4
[05.05.2025, 18:19:47] ::1 GET /print.css
[05.05.2025, 18:19:47] ::1 GET /resurse/stiluri/nav1000.css
[05.05.2025, 18:19:47] ::1 GET /resurse/stiluri/nav700.css
[05.05.2025, 18:19:47] ::1 GET /resurse/imagini/site.webmanifest
[05.05.2025, 18:19:47] ::1 GET /resurse/video/clip.webm
[05.05.2025, 18:19:49] ::1 GET /resurse/imagini/web-app-manifest-512x512.png
[05.05.2025, 18:19:49] ::1 GET /galerie
[05.05.2025, 18:19:49] ::1 GET /resurse/stiluri/general.css
[05.05.2025, 18:19:49] ::1 GET /resurse/stiluri/nav.css
[05.05.2025, 18:19:49] ::1 GET /resurse/imagini/erori/500.jpg
[05.05.2025, 18:19:49] ::1 GET /resurse/stiluri/general1000.css
[05.05.2025, 18:19:49] ::1 GET /resurse/stiluri/general700.css
[05.05.2025, 18:19:49] ::1 GET /print.css
[05.05.2025, 18:19:49] ::1 GET /resurse/stiluri/nav1000.css
[05.05.2025, 18:19:49] ::1 GET /resurse/36_lectie_demo_flori_si_aranjamente_florale.pdf
[05.05.2025, 18:19:49] ::1 GET /resurse/stiluri/nav700.css
[05.05.2025, 18:19:49] ::1 GET /resurse/imagini/site.webmanifest
[05.05.2025, 18:22:49] ::1 GET /galerie
[05.05.2025, 18:22:49] ::1 GET /resurse/stiluri/general.css
[05.05.2025, 18:22:49] ::1 GET /resurse/stiluri/nav.css
[05.05.2025, 18:22:49] ::1 GET /resurse/imagini/erori/500.jpg
[05.05.2025, 18:22:49] ::1 GET /resurse/stiluri/general1000.css
[05.05.2025, 18:22:49] ::1 GET /print.css
[05.05.2025, 18:22:49] ::1 GET /resurse/stiluri/general700.css
[05.05.2025, 18:22:49] ::1 GET /resurse/36_lectie_demo_flori_si_aranjamente_florale.pdf
[05.05.2025, 18:22:49] ::1 GET /resurse/stiluri/nav1000.css
[05.05.2025, 18:22:49] ::1 GET /resurse/stiluri/nav700.css
[05.05.2025, 18:22:49] ::1 GET /resurse/imagini/site.webmanifest
[05.05.2025, 18:22:49] ::1 GET /resurse/imagini/web-app-manifest-512x512.png
